<?xml version="1.0" encoding="UTF-8"?>
<coverage generated="1694773472284" clover="3.2.0">
  <project timestamp="1694773472284" name="All files">
    <metrics statements="44" coveredstatements="27" conditionals="12" coveredconditionals="5" methods="17" coveredmethods="11" elements="73" coveredelements="43" complexity="0" loc="44" ncloc="44" packages="6" files="12" classes="12"/>
    <package name="src">
      <metrics statements="5" coveredstatements="1" conditionals="2" coveredconditionals="0" methods="1" coveredmethods="1"/>
      <file name="App.jsx" path="C:\Users\thedu\OneDrive\Desktop\UniMelb\Studies\Year 3.2 - 2023 - Semester 2\COMP30022 - IT Project\Project\lyonville-frontend\client\src\App.jsx">
        <metrics statements="1" coveredstatements="1" conditionals="0" coveredconditionals="0" methods="1" coveredmethods="1"/>
        <line num="10" count="3" type="stmt"/>
      </file>
      <file name="main.jsx" path="C:\Users\thedu\OneDrive\Desktop\UniMelb\Studies\Year 3.2 - 2023 - Semester 2\COMP30022 - IT Project\Project\lyonville-frontend\client\src\main.jsx">
        <metrics statements="4" coveredstatements="0" conditionals="2" coveredconditionals="0" methods="0" coveredmethods="0"/>
        <line num="6" count="0" type="stmt"/>
        <line num="7" count="0" type="cond" truecount="0" falsecount="2"/>
        <line num="8" count="0" type="stmt"/>
        <line num="11" count="0" type="stmt"/>
      </file>
    </package>
    <package name="src.components">
      <metrics statements="7" coveredstatements="6" conditionals="0" coveredconditionals="0" methods="4" coveredmethods="3"/>
      <file name="AdminPanel.jsx" path="C:\Users\thedu\OneDrive\Desktop\UniMelb\Studies\Year 3.2 - 2023 - Semester 2\COMP30022 - IT Project\Project\lyonville-frontend\client\src\components\AdminPanel.jsx">
        <metrics statements="2" coveredstatements="1" conditionals="0" coveredconditionals="0" methods="1" coveredmethods="0"/>
        <line num="1" count="1" type="stmt"/>
        <line num="2" count="0" type="stmt"/>
      </file>
      <file name="NavBar.jsx" path="C:\Users\thedu\OneDrive\Desktop\UniMelb\Studies\Year 3.2 - 2023 - Semester 2\COMP30022 - IT Project\Project\lyonville-frontend\client\src\components\NavBar.jsx">
        <metrics statements="5" coveredstatements="5" conditionals="0" coveredconditionals="0" methods="3" coveredmethods="3"/>
        <line num="1" count="1" type="stmt"/>
        <line num="2" count="2" type="stmt"/>
        <line num="46" count="2" type="stmt"/>
        <line num="50" count="10" type="stmt"/>
        <line num="61" count="22" type="stmt"/>
      </file>
    </package>
    <package name="src.components.footer">
      <metrics statements="2" coveredstatements="2" conditionals="0" coveredconditionals="0" methods="1" coveredmethods="1"/>
      <file name="Footer.jsx" path="C:\Users\thedu\OneDrive\Desktop\UniMelb\Studies\Year 3.2 - 2023 - Semester 2\COMP30022 - IT Project\Project\lyonville-frontend\client\src\components\footer\Footer.jsx">
        <metrics statements="2" coveredstatements="2" conditionals="0" coveredconditionals="0" methods="1" coveredmethods="1"/>
        <line num="1" count="1" type="stmt"/>
        <line num="2" count="2" type="stmt"/>
      </file>
    </package>
    <package name="src.components.home">
      <metrics statements="4" coveredstatements="4" conditionals="0" coveredconditionals="0" methods="2" coveredmethods="2"/>
      <file name="TestHomeComponent.jsx" path="C:\Users\thedu\OneDrive\Desktop\UniMelb\Studies\Year 3.2 - 2023 - Semester 2\COMP30022 - IT Project\Project\lyonville-frontend\client\src\components\home\TestHomeComponent.jsx">
        <metrics statements="2" coveredstatements="2" conditionals="0" coveredconditionals="0" methods="1" coveredmethods="1"/>
        <line num="1" count="1" type="stmt"/>
        <line num="2" count="4" type="stmt"/>
      </file>
      <file name="TestHomeComponentV2.jsx" path="C:\Users\thedu\OneDrive\Desktop\UniMelb\Studies\Year 3.2 - 2023 - Semester 2\COMP30022 - IT Project\Project\lyonville-frontend\client\src\components\home\TestHomeComponentV2.jsx">
        <metrics statements="2" coveredstatements="2" conditionals="0" coveredconditionals="0" methods="1" coveredmethods="1"/>
        <line num="1" count="1" type="stmt"/>
        <line num="2" count="2" type="stmt"/>
      </file>
    </package>
    <package name="src.pages">
      <metrics statements="22" coveredstatements="14" conditionals="10" coveredconditionals="5" methods="8" coveredmethods="4"/>
      <file name="About.jsx" path="C:\Users\thedu\OneDrive\Desktop\UniMelb\Studies\Year 3.2 - 2023 - Semester 2\COMP30022 - IT Project\Project\lyonville-frontend\client\src\pages\About.jsx">
        <metrics statements="9" coveredstatements="2" conditionals="4" coveredconditionals="0" methods="3" coveredmethods="0"/>
        <line num="10" count="1" type="stmt"/>
        <line num="41" count="1" type="stmt"/>
        <line num="43" count="0" type="stmt"/>
        <line num="45" count="0" type="stmt"/>
        <line num="47" count="0" type="cond" truecount="0" falsecount="4"/>
        <line num="49" count="0" type="stmt"/>
        <line num="59" count="0" type="stmt"/>
        <line num="71" count="0" type="stmt"/>
        <line num="75" count="0" type="stmt"/>
      </file>
      <file name="Error.jsx" path="C:\Users\thedu\OneDrive\Desktop\UniMelb\Studies\Year 3.2 - 2023 - Semester 2\COMP30022 - IT Project\Project\lyonville-frontend\client\src\pages\Error.jsx">
        <metrics statements="2" coveredstatements="1" conditionals="0" coveredconditionals="0" methods="1" coveredmethods="0"/>
        <line num="1" count="1" type="stmt"/>
        <line num="2" count="0" type="stmt"/>
      </file>
      <file name="Home.jsx" path="C:\Users\thedu\OneDrive\Desktop\UniMelb\Studies\Year 3.2 - 2023 - Semester 2\COMP30022 - IT Project\Project\lyonville-frontend\client\src\pages\Home.jsx">
        <metrics statements="8" coveredstatements="8" conditionals="4" coveredconditionals="4" methods="3" coveredmethods="3"/>
        <line num="5" count="1" type="stmt"/>
        <line num="23" count="1" type="stmt"/>
        <line num="24" count="3" type="stmt"/>
        <line num="25" count="9" type="cond" truecount="4" falsecount="0"/>
        <line num="26" count="6" type="stmt"/>
        <line num="34" count="3" type="stmt"/>
        <line num="44" count="3" type="stmt"/>
        <line num="47" count="9" type="stmt"/>
      </file>
      <file name="SharedLayout.jsx" path="C:\Users\thedu\OneDrive\Desktop\UniMelb\Studies\Year 3.2 - 2023 - Semester 2\COMP30022 - IT Project\Project\lyonville-frontend\client\src\pages\SharedLayout.jsx">
        <metrics statements="3" coveredstatements="3" conditionals="2" coveredconditionals="1" methods="1" coveredmethods="1"/>
        <line num="6" count="1" type="stmt"/>
        <line num="8" count="1" type="stmt"/>
        <line num="9" count="3" type="stmt"/>
      </file>
    </package>
    <package name="src.service">
      <metrics statements="4" coveredstatements="0" conditionals="0" coveredconditionals="0" methods="1" coveredmethods="0"/>
      <file name="apiService.jsx" path="C:\Users\thedu\OneDrive\Desktop\UniMelb\Studies\Year 3.2 - 2023 - Semester 2\COMP30022 - IT Project\Project\lyonville-frontend\client\src\service\apiService.jsx">
        <metrics statements="4" coveredstatements="0" conditionals="0" coveredconditionals="0" methods="1" coveredmethods="0"/>
        <line num="3" count="0" type="stmt"/>
        <line num="11" count="0" type="stmt"/>
        <line num="12" count="0" type="stmt"/>
        <line num="13" count="0" type="stmt"/>
      </file>
    </package>
  </project>
</coverage>
