{"C:\\Users\\thedu\\OneDrive\\Desktop\\UniMelb\\Studies\\Year 3.2 - 2023 - Semester 2\\COMP30022 - IT Project\\Project\\lyonville-frontend\\client\\src\\App.jsx": {"path":"C:\\Users\\thedu\\OneDrive\\Desktop\\UniMelb\\Studies\\Year 3.2 - 2023 - Semester 2\\COMP30022 - IT Project\\Project\\lyonville-frontend\\client\\src\\App.jsx","statementMap":{"0":{"start":{"line":10,"column":2},"end":{"line":27,"column":3}}},"fnMap":{"0":{"name":"App","decl":{"start":{"line":9,"column":9},"end":{"line":9,"column":12}},"loc":{"start":{"line":9,"column":15},"end":{"line":28,"column":1}},"line":9}},"branchMap":{},"s":{"0":3},"f":{"0":3},"b":{},"_coverageSchema":"1a1c01bbd47fc00a2c39e90264f33305004495a9","hash":"3f932d65a506992dd3f56c5b57a52bf7a3b5be4b"}
,"C:\\Users\\thedu\\OneDrive\\Desktop\\UniMelb\\Studies\\Year 3.2 - 2023 - Semester 2\\COMP30022 - IT Project\\Project\\lyonville-frontend\\client\\src\\main.jsx": {"path":"C:\\Users\\thedu\\OneDrive\\Desktop\\UniMelb\\Studies\\Year 3.2 - 2023 - Semester 2\\COMP30022 - IT Project\\Project\\lyonville-frontend\\client\\src\\main.jsx","statementMap":{"0":{"start":{"line":6,"column":13},"end":{"line":6,"column":44}},"1":{"start":{"line":7,"column":0},"end":{"line":16,"column":1}},"2":{"start":{"line":8,"column":2},"end":{"line":8,"column":34}},"3":{"start":{"line":11,"column":2},"end":{"line":15,"column":3}}},"fnMap":{},"branchMap":{"0":{"loc":{"start":{"line":7,"column":0},"end":{"line":16,"column":1}},"type":"if","locations":[{"start":{"line":7,"column":0},"end":{"line":16,"column":1}},{"start":{"line":10,"column":5},"end":{"line":16,"column":1}}],"line":7}},"s":{"0":0,"1":0,"2":0,"3":0},"f":{},"b":{"0":[0,0]}}
,"C:\\Users\\thedu\\OneDrive\\Desktop\\UniMelb\\Studies\\Year 3.2 - 2023 - Semester 2\\COMP30022 - IT Project\\Project\\lyonville-frontend\\client\\src\\components\\AdminPanel.jsx": {"path":"C:\\Users\\thedu\\OneDrive\\Desktop\\UniMelb\\Studies\\Year 3.2 - 2023 - Semester 2\\COMP30022 - IT Project\\Project\\lyonville-frontend\\client\\src\\components\\AdminPanel.jsx","statementMap":{"0":{"start":{"line":1,"column":26},"end":{"line":16,"column":1}},"1":{"start":{"line":2,"column":2},"end":{"line":15,"column":3}}},"fnMap":{"0":{"name":"(anonymous_0)","decl":{"start":{"line":1,"column":26},"end":{"line":1,"column":27}},"loc":{"start":{"line":1,"column":32},"end":{"line":16,"column":1}},"line":1}},"branchMap":{},"s":{"0":1,"1":0},"f":{"0":0},"b":{},"_coverageSchema":"1a1c01bbd47fc00a2c39e90264f33305004495a9","hash":"773ca42f5687dc2dcaff69f6eae549c246d490d8"}
,"C:\\Users\\thedu\\OneDrive\\Desktop\\UniMelb\\Studies\\Year 3.2 - 2023 - Semester 2\\COMP30022 - IT Project\\Project\\lyonville-frontend\\client\\src\\components\\NavBar.jsx": {"path":"C:\\Users\\thedu\\OneDrive\\Desktop\\UniMelb\\Studies\\Year 3.2 - 2023 - Semester 2\\COMP30022 - IT Project\\Project\\lyonville-frontend\\client\\src\\components\\NavBar.jsx","statementMap":{"0":{"start":{"line":1,"column":22},"end":{"line":75,"column":1}},"1":{"start":{"line":2,"column":23},"end":{"line":44,"column":3}},"2":{"start":{"line":46,"column":2},"end":{"line":74,"column":4}},"3":{"start":{"line":50,"column":10},"end":{"line":67,"column":15}},"4":{"start":{"line":61,"column":18},"end":{"line":63,"column":23}}},"fnMap":{"0":{"name":"(anonymous_0)","decl":{"start":{"line":1,"column":22},"end":{"line":1,"column":23}},"loc":{"start":{"line":1,"column":28},"end":{"line":75,"column":1}},"line":1},"1":{"name":"(anonymous_1)","decl":{"start":{"line":49,"column":26},"end":{"line":49,"column":27}},"loc":{"start":{"line":50,"column":10},"end":{"line":67,"column":15}},"line":50},"2":{"name":"(anonymous_2)","decl":{"start":{"line":60,"column":36},"end":{"line":60,"column":37}},"loc":{"start":{"line":61,"column":18},"end":{"line":63,"column":23}},"line":61}},"branchMap":{},"s":{"0":1,"1":2,"2":2,"3":10,"4":22},"f":{"0":2,"1":10,"2":22},"b":{},"_coverageSchema":"1a1c01bbd47fc00a2c39e90264f33305004495a9","hash":"ffd9a8a5f47056b70aabf306389b535712ca0e8e"}
,"C:\\Users\\thedu\\OneDrive\\Desktop\\UniMelb\\Studies\\Year 3.2 - 2023 - Semester 2\\COMP30022 - IT Project\\Project\\lyonville-frontend\\client\\src\\components\\footer\\Footer.jsx": {"path":"C:\\Users\\thedu\\OneDrive\\Desktop\\UniMelb\\Studies\\Year 3.2 - 2023 - Semester 2\\COMP30022 - IT Project\\Project\\lyonville-frontend\\client\\src\\components\\footer\\Footer.jsx","statementMap":{"0":{"start":{"line":1,"column":22},"end":{"line":26,"column":1}},"1":{"start":{"line":2,"column":2},"end":{"line":25,"column":4}}},"fnMap":{"0":{"name":"(anonymous_0)","decl":{"start":{"line":1,"column":22},"end":{"line":1,"column":23}},"loc":{"start":{"line":1,"column":28},"end":{"line":26,"column":1}},"line":1}},"branchMap":{},"s":{"0":1,"1":2},"f":{"0":2},"b":{},"_coverageSchema":"1a1c01bbd47fc00a2c39e90264f33305004495a9","hash":"cf2377ba709771736f4015e690ebccf5fe63a33b"}
,"C:\\Users\\thedu\\OneDrive\\Desktop\\UniMelb\\Studies\\Year 3.2 - 2023 - Semester 2\\COMP30022 - IT Project\\Project\\lyonville-frontend\\client\\src\\components\\home\\TestHomeComponent.jsx": {"path":"C:\\Users\\thedu\\OneDrive\\Desktop\\UniMelb\\Studies\\Year 3.2 - 2023 - Semester 2\\COMP30022 - IT Project\\Project\\lyonville-frontend\\client\\src\\components\\home\\TestHomeComponent.jsx","statementMap":{"0":{"start":{"line":1,"column":33},"end":{"line":12,"column":1}},"1":{"start":{"line":2,"column":2},"end":{"line":11,"column":3}}},"fnMap":{"0":{"name":"(anonymous_0)","decl":{"start":{"line":1,"column":33},"end":{"line":1,"column":34}},"loc":{"start":{"line":1,"column":72},"end":{"line":12,"column":1}},"line":1}},"branchMap":{},"s":{"0":1,"1":4},"f":{"0":4},"b":{},"_coverageSchema":"1a1c01bbd47fc00a2c39e90264f33305004495a9","hash":"a396178745d6104a6cab1db7d052ba57d855673e"}
,"C:\\Users\\thedu\\OneDrive\\Desktop\\UniMelb\\Studies\\Year 3.2 - 2023 - Semester 2\\COMP30022 - IT Project\\Project\\lyonville-frontend\\client\\src\\components\\home\\TestHomeComponentV2.jsx": {"path":"C:\\Users\\thedu\\OneDrive\\Desktop\\UniMelb\\Studies\\Year 3.2 - 2023 - Semester 2\\COMP30022 - IT Project\\Project\\lyonville-frontend\\client\\src\\components\\home\\TestHomeComponentV2.jsx","statementMap":{"0":{"start":{"line":1,"column":35},"end":{"line":12,"column":1}},"1":{"start":{"line":2,"column":2},"end":{"line":11,"column":3}}},"fnMap":{"0":{"name":"(anonymous_0)","decl":{"start":{"line":1,"column":35},"end":{"line":1,"column":36}},"loc":{"start":{"line":1,"column":74},"end":{"line":12,"column":1}},"line":1}},"branchMap":{},"s":{"0":1,"1":2},"f":{"0":2},"b":{},"_coverageSchema":"1a1c01bbd47fc00a2c39e90264f33305004495a9","hash":"6f903e09139409be517e68b286375860f49d8b45"}
,"C:\\Users\\thedu\\OneDrive\\Desktop\\UniMelb\\Studies\\Year 3.2 - 2023 - Semester 2\\COMP30022 - IT Project\\Project\\lyonville-frontend\\client\\src\\pages\\About.jsx": {"path":"C:\\Users\\thedu\\OneDrive\\Desktop\\UniMelb\\Studies\\Year 3.2 - 2023 - Semester 2\\COMP30022 - IT Project\\Project\\lyonville-frontend\\client\\src\\pages\\About.jsx","statementMap":{"0":{"start":{"line":10,"column":13},"end":{"line":38,"column":1}},"1":{"start":{"line":41,"column":21},"end":{"line":83,"column":1}},"2":{"start":{"line":43,"column":21},"end":{"line":68,"column":3}},"3":{"start":{"line":45,"column":22},"end":{"line":45,"column":47}},"4":{"start":{"line":47,"column":4},"end":{"line":67,"column":5}},"5":{"start":{"line":49,"column":6},"end":{"line":56,"column":8}},"6":{"start":{"line":59,"column":6},"end":{"line":66,"column":8}},"7":{"start":{"line":71,"column":2},"end":{"line":82,"column":4}},"8":{"start":{"line":75,"column":29},"end":{"line":75,"column":48}}},"fnMap":{"0":{"name":"(anonymous_0)","decl":{"start":{"line":41,"column":21},"end":{"line":41,"column":22}},"loc":{"start":{"line":41,"column":27},"end":{"line":83,"column":1}},"line":41},"1":{"name":"(anonymous_1)","decl":{"start":{"line":43,"column":21},"end":{"line":43,"column":22}},"loc":{"start":{"line":43,"column":34},"end":{"line":68,"column":3}},"line":43},"2":{"name":"(anonymous_2)","decl":{"start":{"line":75,"column":16},"end":{"line":75,"column":17}},"loc":{"start":{"line":75,"column":29},"end":{"line":75,"column":48}},"line":75}},"branchMap":{"0":{"loc":{"start":{"line":47,"column":4},"end":{"line":67,"column":5}},"type":"if","locations":[{"start":{"line":47,"column":4},"end":{"line":67,"column":5}},{"start":{"line":57,"column":11},"end":{"line":67,"column":5}}],"line":47},"1":{"loc":{"start":{"line":47,"column":8},"end":{"line":47,"column":61}},"type":"binary-expr","locations":[{"start":{"line":47,"column":8},"end":{"line":47,"column":31}},{"start":{"line":47,"column":35},"end":{"line":47,"column":61}}],"line":47}},"s":{"0":1,"1":1,"2":0,"3":0,"4":0,"5":0,"6":0,"7":0,"8":0},"f":{"0":0,"1":0,"2":0},"b":{"0":[0,0],"1":[0,0]},"_coverageSchema":"1a1c01bbd47fc00a2c39e90264f33305004495a9","hash":"fd65967c0a2939e2ab7652c29d626846d321d5ad"}
,"C:\\Users\\thedu\\OneDrive\\Desktop\\UniMelb\\Studies\\Year 3.2 - 2023 - Semester 2\\COMP30022 - IT Project\\Project\\lyonville-frontend\\client\\src\\pages\\Error.jsx": {"path":"C:\\Users\\thedu\\OneDrive\\Desktop\\UniMelb\\Studies\\Year 3.2 - 2023 - Semester 2\\COMP30022 - IT Project\\Project\\lyonville-frontend\\client\\src\\pages\\Error.jsx","statementMap":{"0":{"start":{"line":1,"column":21},"end":{"line":28,"column":1}},"1":{"start":{"line":2,"column":2},"end":{"line":27,"column":3}}},"fnMap":{"0":{"name":"(anonymous_0)","decl":{"start":{"line":1,"column":21},"end":{"line":1,"column":22}},"loc":{"start":{"line":1,"column":27},"end":{"line":28,"column":1}},"line":1}},"branchMap":{},"s":{"0":1,"1":0},"f":{"0":0},"b":{},"_coverageSchema":"1a1c01bbd47fc00a2c39e90264f33305004495a9","hash":"1108f55362d4e2164331a8c9c967a95dbab671ca"}
,"C:\\Users\\thedu\\OneDrive\\Desktop\\UniMelb\\Studies\\Year 3.2 - 2023 - Semester 2\\COMP30022 - IT Project\\Project\\lyonville-frontend\\client\\src\\pages\\Home.jsx": {"path":"C:\\Users\\thedu\\OneDrive\\Desktop\\UniMelb\\Studies\\Year 3.2 - 2023 - Semester 2\\COMP30022 - IT Project\\Project\\lyonville-frontend\\client\\src\\pages\\Home.jsx","statementMap":{"0":{"start":{"line":5,"column":13},"end":{"line":21,"column":1}},"1":{"start":{"line":23,"column":20},"end":{"line":50,"column":1}},"2":{"start":{"line":24,"column":21},"end":{"line":42,"column":3}},"3":{"start":{"line":25,"column":4},"end":{"line":41,"column":5}},"4":{"start":{"line":26,"column":6},"end":{"line":32,"column":7}},"5":{"start":{"line":34,"column":6},"end":{"line":40,"column":7}},"6":{"start":{"line":44,"column":2},"end":{"line":49,"column":3}},"7":{"start":{"line":47,"column":29},"end":{"line":47,"column":48}}},"fnMap":{"0":{"name":"(anonymous_0)","decl":{"start":{"line":23,"column":20},"end":{"line":23,"column":21}},"loc":{"start":{"line":23,"column":26},"end":{"line":50,"column":1}},"line":23},"1":{"name":"(anonymous_1)","decl":{"start":{"line":24,"column":21},"end":{"line":24,"column":22}},"loc":{"start":{"line":24,"column":34},"end":{"line":42,"column":3}},"line":24},"2":{"name":"(anonymous_2)","decl":{"start":{"line":47,"column":16},"end":{"line":47,"column":17}},"loc":{"start":{"line":47,"column":29},"end":{"line":47,"column":48}},"line":47}},"branchMap":{"0":{"loc":{"start":{"line":25,"column":4},"end":{"line":41,"column":5}},"type":"if","locations":[{"start":{"line":25,"column":4},"end":{"line":41,"column":5}},{"start":{"line":33,"column":11},"end":{"line":41,"column":5}}],"line":25},"1":{"loc":{"start":{"line":25,"column":8},"end":{"line":25,"column":64}},"type":"binary-expr","locations":[{"start":{"line":25,"column":8},"end":{"line":25,"column":34}},{"start":{"line":25,"column":38},"end":{"line":25,"column":64}}],"line":25}},"s":{"0":1,"1":1,"2":3,"3":9,"4":6,"5":3,"6":3,"7":9},"f":{"0":3,"1":9,"2":9},"b":{"0":[6,3],"1":[9,6]},"_coverageSchema":"1a1c01bbd47fc00a2c39e90264f33305004495a9","hash":"a42ba40acf58464fc2567277029126f8d2c5b81b"}
,"C:\\Users\\thedu\\OneDrive\\Desktop\\UniMelb\\Studies\\Year 3.2 - 2023 - Semester 2\\COMP30022 - IT Project\\Project\\lyonville-frontend\\client\\src\\pages\\SharedLayout.jsx": {"path":"C:\\Users\\thedu\\OneDrive\\Desktop\\UniMelb\\Studies\\Year 3.2 - 2023 - Semester 2\\COMP30022 - IT Project\\Project\\lyonville-frontend\\client\\src\\pages\\SharedLayout.jsx","statementMap":{"0":{"start":{"line":6,"column":20},"end":{"line":6,"column":25}},"1":{"start":{"line":8,"column":28},"end":{"line":21,"column":1}},"2":{"start":{"line":9,"column":2},"end":{"line":20,"column":4}}},"fnMap":{"0":{"name":"(anonymous_0)","decl":{"start":{"line":8,"column":28},"end":{"line":8,"column":29}},"loc":{"start":{"line":8,"column":34},"end":{"line":21,"column":1}},"line":8}},"branchMap":{"0":{"loc":{"start":{"line":16,"column":9},"end":{"line":16,"column":38}},"type":"binary-expr","locations":[{"start":{"line":16,"column":9},"end":{"line":16,"column":20}},{"start":{"line":16,"column":24},"end":{"line":16,"column":38}}],"line":16}},"s":{"0":1,"1":1,"2":3},"f":{"0":3},"b":{"0":[3,0]},"_coverageSchema":"1a1c01bbd47fc00a2c39e90264f33305004495a9","hash":"0eb81e7df05df4bf422e2c0f4adc4bcff8a7efe0"}
,"C:\\Users\\thedu\\OneDrive\\Desktop\\UniMelb\\Studies\\Year 3.2 - 2023 - Semester 2\\COMP30022 - IT Project\\Project\\lyonville-frontend\\client\\src\\service\\apiService.jsx": {"path":"C:\\Users\\thedu\\OneDrive\\Desktop\\UniMelb\\Studies\\Year 3.2 - 2023 - Semester 2\\COMP30022 - IT Project\\Project\\lyonville-frontend\\client\\src\\service\\apiService.jsx","statementMap":{"0":{"start":{"line":3,"column":20},"end":{"line":3,"column":47}},"1":{"start":{"line":11,"column":25},"end":{"line":14,"column":1}},"2":{"start":{"line":12,"column":19},"end":{"line":12,"column":60}},"3":{"start":{"line":13,"column":2},"end":{"line":13,"column":13}}},"fnMap":{"0":{"name":"(anonymous_0)","decl":{"start":{"line":11,"column":25},"end":{"line":11,"column":26}},"loc":{"start":{"line":11,"column":41},"end":{"line":14,"column":1}},"line":11}},"branchMap":{},"s":{"0":0,"1":0,"2":0,"3":0},"f":{"0":0},"b":{}}
}
