TN:
SF:src\App.jsx
FN:9,App
FNF:1
FNH:1
FNDA:3,App
DA:10,3
LF:1
LH:1
BRF:0
BRH:0
end_of_record
TN:
SF:src\main.jsx
FNF:0
FNH:0
DA:6,0
DA:7,0
DA:8,0
DA:11,0
LF:4
LH:0
BRDA:7,0,0,0
BRDA:7,0,1,0
BRF:2
BRH:0
end_of_record
TN:
SF:src\components\AdminPanel.jsx
FN:1,(anonymous_0)
FNF:1
FNH:0
FNDA:0,(anonymous_0)
DA:1,1
DA:2,0
LF:2
LH:1
BRF:0
BRH:0
end_of_record
TN:
SF:src\components\NavBar.jsx
FN:1,(anonymous_0)
FN:49,(anonymous_1)
FN:60,(anonymous_2)
FNF:3
FNH:3
FNDA:2,(anonymous_0)
FNDA:10,(anonymous_1)
FNDA:22,(anonymous_2)
DA:1,1
DA:2,2
DA:46,2
DA:50,10
DA:61,22
LF:5
LH:5
BRF:0
BRH:0
end_of_record
TN:
SF:src\components\footer\Footer.jsx
FN:1,(anonymous_0)
FNF:1
FNH:1
FNDA:2,(anonymous_0)
DA:1,1
DA:2,2
LF:2
LH:2
BRF:0
BRH:0
end_of_record
TN:
SF:src\components\home\TestHomeComponent.jsx
FN:1,(anonymous_0)
FNF:1
FNH:1
FNDA:4,(anonymous_0)
DA:1,1
DA:2,4
LF:2
LH:2
BRF:0
BRH:0
end_of_record
TN:
SF:src\components\home\TestHomeComponentV2.jsx
FN:1,(anonymous_0)
FNF:1
FNH:1
FNDA:2,(anonymous_0)
DA:1,1
DA:2,2
LF:2
LH:2
BRF:0
BRH:0
end_of_record
TN:
SF:src\pages\About.jsx
FN:41,(anonymous_0)
FN:43,(anonymous_1)
FN:75,(anonymous_2)
FNF:3
FNH:0
FNDA:0,(anonymous_0)
FNDA:0,(anonymous_1)
FNDA:0,(anonymous_2)
DA:10,1
DA:41,1
DA:43,0
DA:45,0
DA:47,0
DA:49,0
DA:59,0
DA:71,0
DA:75,0
LF:9
LH:2
BRDA:47,0,0,0
BRDA:47,0,1,0
BRDA:47,1,0,0
BRDA:47,1,1,0
BRF:4
BRH:0
end_of_record
TN:
SF:src\pages\Error.jsx
FN:1,(anonymous_0)
FNF:1
FNH:0
FNDA:0,(anonymous_0)
DA:1,1
DA:2,0
LF:2
LH:1
BRF:0
BRH:0
end_of_record
TN:
SF:src\pages\Home.jsx
FN:23,(anonymous_0)
FN:24,(anonymous_1)
FN:47,(anonymous_2)
FNF:3
FNH:3
FNDA:3,(anonymous_0)
FNDA:9,(anonymous_1)
FNDA:9,(anonymous_2)
DA:5,1
DA:23,1
DA:24,3
DA:25,9
DA:26,6
DA:34,3
DA:44,3
DA:47,9
LF:8
LH:8
BRDA:25,0,0,6
BRDA:25,0,1,3
BRDA:25,1,0,9
BRDA:25,1,1,6
BRF:4
BRH:4
end_of_record
TN:
SF:src\pages\SharedLayout.jsx
FN:8,(anonymous_0)
FNF:1
FNH:1
FNDA:3,(anonymous_0)
DA:6,1
DA:8,1
DA:9,3
LF:3
LH:3
BRDA:16,0,0,3
BRDA:16,0,1,0
BRF:2
BRH:1
end_of_record
TN:
SF:src\service\apiService.jsx
FN:11,(anonymous_0)
FNF:1
FNH:0
FNDA:0,(anonymous_0)
DA:3,0
DA:11,0
DA:12,0
DA:13,0
LF:4
LH:0
BRF:0
BRH:0
end_of_record
